Flow report for demux1x8
Sat May 04 19:22:13 2019
Quartus II 64-Bit Version 13.0.1 Build 232 06/12/2013 Service Pack 1 SJ Web Edition


---------------------
; Table of Contents ;
---------------------
  1. Legal Notice
  2. Flow Summary
  3. Flow Settings
  4. Flow Non-Default Global Settings
  5. Flow Elapsed Time
  6. Flow OS Summary
  7. Flow Log
  8. Flow Messages
  9. Flow Suppressed Messages



----------------
; Legal Notice ;
----------------
Copyright (C) 1991-2013 Altera Corporation
Your use of Altera Corporation's design tools, logic functions 
and other software and tools, and its AMPP partner logic 
functions, and any output files from any of the foregoing 
(including device programming or simulation files), and any 
associated documentation or information are expressly subject 
to the terms and conditions of the Altera Program License 
Subscription Agreement, Altera MegaCore Function License 
Agreement, or other applicable license agreement, including, 
without limitation, that your use is for the sole purpose of 
programming logic devices manufactured by Altera and sold by 
Altera or its authorized distributors.  Please refer to the 
applicable agreement for further details.



+--------------------------------------------------------------------------------------+
; Flow Summary                                                                         ;
+------------------------------------+-------------------------------------------------+
; Flow Status                        ; Successful - Sat May 04 19:22:13 2019           ;
; Quartus II 64-Bit Version          ; 13.0.1 Build 232 06/12/2013 SP 1 SJ Web Edition ;
; Revision Name                      ; demux1x8                                        ;
; Top-level Entity Name              ; demux1x8_pack_proce                             ;
; Family                             ; Cyclone II                                      ;
; Device                             ; EP2C35F672C6                                    ;
; Timing Models                      ; Final                                           ;
; Total logic elements               ; 8 / 33,216 ( < 1 % )                            ;
;     Total combinational functions  ; 8 / 33,216 ( < 1 % )                            ;
;     Dedicated logic registers      ; 0 / 33,216 ( 0 % )                              ;
; Total registers                    ; 0                                               ;
; Total pins                         ; 12 / 475 ( 3 % )                                ;
; Total virtual pins                 ; 0                                               ;
; Total memory bits                  ; 0 / 483,840 ( 0 % )                             ;
; Embedded Multiplier 9-bit elements ; 0 / 70 ( 0 % )                                  ;
; Total PLLs                         ; 0 / 4 ( 0 % )                                   ;
+------------------------------------+-------------------------------------------------+


+-----------------------------------------+
; Flow Settings                           ;
+-------------------+---------------------+
; Option            ; Setting             ;
+-------------------+---------------------+
; Start date & time ; 04/10/2019 10:44:37 ;
; Main task         ; Compilation         ;
; Revision Name     ; demux1x8            ;
+-------------------+---------------------+


+--------------------------------------------------------------------------------------------------------------------------+
; Flow Non-Default Global Settings                                                                                         ;
+-------------------------------------+---------------------------------+---------------+---------------------+------------+
; Assignment Name                     ; Value                           ; Default Value ; Entity Name         ; Section Id ;
+-------------------------------------+---------------------------------+---------------+---------------------+------------+
; COMPILER_SIGNATURE_ID               ; 141587658164992.155486067701184 ; --            ; --                  ; --         ;
; MAX_CORE_JUNCTION_TEMP              ; 85                              ; --            ; --                  ; --         ;
; MIN_CORE_JUNCTION_TEMP              ; 0                               ; --            ; --                  ; --         ;
; PARTITION_COLOR                     ; 16764057                        ; --            ; demux1x8_pack_proce ; Top        ;
; PARTITION_FITTER_PRESERVATION_LEVEL ; PLACEMENT_AND_ROUTING           ; --            ; demux1x8_pack_proce ; Top        ;
; PARTITION_NETLIST_TYPE              ; SOURCE                          ; --            ; demux1x8_pack_proce ; Top        ;
; PROJECT_OUTPUT_DIRECTORY            ; output_files                    ; --            ; --                  ; --         ;
; TOP_LEVEL_ENTITY                    ; demux1x8_pack_proce             ; demux1x8      ; --                  ; --         ;
+-------------------------------------+---------------------------------+---------------+---------------------+------------+


+-------------------------------------------------------------------------------------------------------------------------------+
; Flow Elapsed Time                                                                                                             ;
+---------------------------+--------------+-------------------------+---------------------+------------------------------------+
; Module Name               ; Elapsed Time ; Average Processors Used ; Peak Virtual Memory ; Total CPU Time (on all processors) ;
+---------------------------+--------------+-------------------------+---------------------+------------------------------------+
; Analysis & Synthesis      ; 00:00:01     ; 1.0                     ; 4668 MB             ; 00:00:01                           ;
; Fitter                    ; 00:00:04     ; 1.0                     ; 4932 MB             ; 00:00:05                           ;
; Assembler                 ; 00:00:02     ; 1.0                     ; 4578 MB             ; 00:00:02                           ;
; TimeQuest Timing Analyzer ; 00:00:01     ; 1.0                     ; 4567 MB             ; 00:00:01                           ;
; EDA Netlist Writer        ; 00:00:01     ; 1.0                     ; 4546 MB             ; 00:00:01                           ;
; EDA Netlist Writer        ; 00:00:00     ; 1.0                     ; 4546 MB             ; 00:00:01                           ;
; Total                     ; 00:00:09     ; --                      ; --                  ; 00:00:11                           ;
+---------------------------+--------------+-------------------------+---------------------+------------------------------------+


+----------------------------------------------------------------------------------------+
; Flow OS Summary                                                                        ;
+---------------------------+------------------+-----------+------------+----------------+
; Module Name               ; Machine Hostname ; OS Name   ; OS Version ; Processor type ;
+---------------------------+------------------+-----------+------------+----------------+
; Analysis & Synthesis      ; YoungUn-Choi     ; Windows 7 ; 6.2        ; x86_64         ;
; Fitter                    ; YoungUn-Choi     ; Windows 7 ; 6.2        ; x86_64         ;
; Assembler                 ; YoungUn-Choi     ; Windows 7 ; 6.2        ; x86_64         ;
; TimeQuest Timing Analyzer ; YoungUn-Choi     ; Windows 7 ; 6.2        ; x86_64         ;
; EDA Netlist Writer        ; YoungUn-Choi     ; Windows 7 ; 6.2        ; x86_64         ;
; EDA Netlist Writer        ; YoungUn-Choi     ; Windows 7 ; 6.2        ; x86_64         ;
+---------------------------+------------------+-----------+------------+----------------+


------------
; Flow Log ;
------------
quartus_map --read_settings_files=on --write_settings_files=off demux1x8 -c demux1x8
quartus_fit --read_settings_files=off --write_settings_files=off demux1x8 -c demux1x8
quartus_asm --read_settings_files=off --write_settings_files=off demux1x8 -c demux1x8
quartus_sta demux1x8 -c demux1x8
quartus_eda --gen_testbench --check_outputs=on --tool=modelsim_oem --format=verilog demux1x8 -c demux1x8 --vector_source=D:/VHDL/4_10_ex019_demux1x8/demux1x8_sw/Waveform.vwf --testbench_file=./simulation/qsim/demux1x8.vt
quartus_eda --functional=on --simulation=on --tool=modelsim_oem --format=verilog demux1x8 -c demux1x8



