Flow report for register_map
Fri Nov 22 16:00:51 2019
Quartus II 64-Bit Version 13.0.1 Build 232 06/12/2013 Service Pack 1 SJ Web Edition


---------------------
; Table of Contents ;
---------------------
  1. Legal Notice
  2. Flow Summary
  3. Flow Settings
  4. Flow Non-Default Global Settings
  5. Flow Elapsed Time
  6. Flow OS Summary
  7. Flow Log
  8. Flow Messages
  9. Flow Suppressed Messages



----------------
; Legal Notice ;
----------------
Copyright (C) 1991-2013 Altera Corporation
Your use of Altera Corporation's design tools, logic functions 
and other software and tools, and its AMPP partner logic 
functions, and any output files from any of the foregoing 
(including device programming or simulation files), and any 
associated documentation or information are expressly subject 
to the terms and conditions of the Altera Program License 
Subscription Agreement, Altera MegaCore Function License 
Agreement, or other applicable license agreement, including, 
without limitation, that your use is for the sole purpose of 
programming logic devices manufactured by Altera and sold by 
Altera or its authorized distributors.  Please refer to the 
applicable agreement for further details.



+--------------------------------------------------------------------------------------+
; Flow Summary                                                                         ;
+------------------------------------+-------------------------------------------------+
; Flow Status                        ; Successful - Fri Nov 22 16:00:49 2019           ;
; Quartus II 64-Bit Version          ; 13.0.1 Build 232 06/12/2013 SP 1 SJ Web Edition ;
; Revision Name                      ; register_map                                    ;
; Top-level Entity Name              ; ALL_regi_map                                    ;
; Family                             ; Cyclone II                                      ;
; Device                             ; EP2C35F672C6                                    ;
; Timing Models                      ; Final                                           ;
; Total logic elements               ; 695 / 33,216 ( 2 % )                            ;
;     Total combinational functions  ; 512 / 33,216 ( 2 % )                            ;
;     Dedicated logic registers      ; 486 / 33,216 ( 1 % )                            ;
; Total registers                    ; 486                                             ;
; Total pins                         ; 44 / 475 ( 9 % )                                ;
; Total virtual pins                 ; 0                                               ;
; Total memory bits                  ; 0 / 483,840 ( 0 % )                             ;
; Embedded Multiplier 9-bit elements ; 0 / 70 ( 0 % )                                  ;
; Total PLLs                         ; 1 / 4 ( 25 % )                                  ;
+------------------------------------+-------------------------------------------------+


+-----------------------------------------+
; Flow Settings                           ;
+-------------------+---------------------+
; Option            ; Setting             ;
+-------------------+---------------------+
; Start date & time ; 11/22/2019 16:00:35 ;
; Main task         ; Compilation         ;
; Revision Name     ; register_map        ;
+-------------------+---------------------+


+-------------------------------------------------------------------------------------------------------------------+
; Flow Non-Default Global Settings                                                                                  ;
+-------------------------------------+---------------------------------+---------------+--------------+------------+
; Assignment Name                     ; Value                           ; Default Value ; Entity Name  ; Section Id ;
+-------------------------------------+---------------------------------+---------------+--------------+------------+
; COMPILER_SIGNATURE_ID               ; 141587658164992.157440603414124 ; --            ; --           ; --         ;
; IP_TOOL_NAME                        ; ALTPLL                          ; --            ; --           ; --         ;
; IP_TOOL_VERSION                     ; 13.0                            ; --            ; --           ; --         ;
; MAX_CORE_JUNCTION_TEMP              ; 85                              ; --            ; --           ; --         ;
; MIN_CORE_JUNCTION_TEMP              ; 0                               ; --            ; --           ; --         ;
; MISC_FILE                           ; altpll0.bsf                     ; --            ; --           ; --         ;
; MISC_FILE                           ; altpll0.cmp                     ; --            ; --           ; --         ;
; MISC_FILE                           ; altpll0.ppf                     ; --            ; --           ; --         ;
; PARTITION_COLOR                     ; 16764057                        ; --            ; ALL_regi_map ; Top        ;
; PARTITION_FITTER_PRESERVATION_LEVEL ; PLACEMENT_AND_ROUTING           ; --            ; ALL_regi_map ; Top        ;
; PARTITION_NETLIST_TYPE              ; SOURCE                          ; --            ; ALL_regi_map ; Top        ;
; PROJECT_OUTPUT_DIRECTORY            ; output_files                    ; --            ; --           ; --         ;
; TOP_LEVEL_ENTITY                    ; ALL_regi_map                    ; register_map  ; --           ; --         ;
+-------------------------------------+---------------------------------+---------------+--------------+------------+


+-------------------------------------------------------------------------------------------------------------------------------+
; Flow Elapsed Time                                                                                                             ;
+---------------------------+--------------+-------------------------+---------------------+------------------------------------+
; Module Name               ; Elapsed Time ; Average Processors Used ; Peak Virtual Memory ; Total CPU Time (on all processors) ;
+---------------------------+--------------+-------------------------+---------------------+------------------------------------+
; Analysis & Synthesis      ; 00:00:03     ; 1.0                     ; 4665 MB             ; 00:00:03                           ;
; Fitter                    ; 00:00:07     ; 1.0                     ; 4906 MB             ; 00:00:07                           ;
; Assembler                 ; 00:00:02     ; 1.0                     ; 4573 MB             ; 00:00:02                           ;
; TimeQuest Timing Analyzer ; 00:00:02     ; 1.0                     ; 4574 MB             ; 00:00:01                           ;
; Total                     ; 00:00:14     ; --                      ; --                  ; 00:00:13                           ;
+---------------------------+--------------+-------------------------+---------------------+------------------------------------+


+----------------------------------------------------------------------------------------+
; Flow OS Summary                                                                        ;
+---------------------------+------------------+-----------+------------+----------------+
; Module Name               ; Machine Hostname ; OS Name   ; OS Version ; Processor type ;
+---------------------------+------------------+-----------+------------+----------------+
; Analysis & Synthesis      ; YoungUn-Choi     ; Windows 7 ; 6.2        ; x86_64         ;
; Fitter                    ; YoungUn-Choi     ; Windows 7 ; 6.2        ; x86_64         ;
; Assembler                 ; YoungUn-Choi     ; Windows 7 ; 6.2        ; x86_64         ;
; TimeQuest Timing Analyzer ; YoungUn-Choi     ; Windows 7 ; 6.2        ; x86_64         ;
+---------------------------+------------------+-----------+------------+----------------+


------------
; Flow Log ;
------------
quartus_map --read_settings_files=on --write_settings_files=off register_map -c register_map
quartus_fit --read_settings_files=off --write_settings_files=off register_map -c register_map
quartus_asm --read_settings_files=off --write_settings_files=off register_map -c register_map
quartus_sta register_map -c register_map



