Analysis & Synthesis report for eitbit_adder_7seg
Thu May 02 16:06:57 2019
Quartus II 64-Bit Version 13.0.1 Build 232 06/12/2013 Service Pack 1 SJ Web Edition


---------------------
; Table of Contents ;
---------------------
  1. Legal Notice
  2. Analysis & Synthesis Summary
  3. Analysis & Synthesis Settings
  4. Parallel Compilation
  5. Analysis & Synthesis Source Files Read
  6. Analysis & Synthesis Resource Usage Summary
  7. Analysis & Synthesis Resource Utilization by Entity
  8. General Register Statistics
  9. Multiplexer Restructuring Statistics (Restructuring Performed)
 10. Elapsed Time Per Partition
 11. Analysis & Synthesis Messages



----------------
; Legal Notice ;
----------------
Copyright (C) 1991-2013 Altera Corporation
Your use of Altera Corporation's design tools, logic functions 
and other software and tools, and its AMPP partner logic 
functions, and any output files from any of the foregoing 
(including device programming or simulation files), and any 
associated documentation or information are expressly subject 
to the terms and conditions of the Altera Program License 
Subscription Agreement, Altera MegaCore Function License 
Agreement, or other applicable license agreement, including, 
without limitation, that your use is for the sole purpose of 
programming logic devices manufactured by Altera and sold by 
Altera or its authorized distributors.  Please refer to the 
applicable agreement for further details.



+--------------------------------------------------------------------------------------+
; Analysis & Synthesis Summary                                                         ;
+------------------------------------+-------------------------------------------------+
; Analysis & Synthesis Status        ; Successful - Thu May 02 16:06:57 2019           ;
; Quartus II 64-Bit Version          ; 13.0.1 Build 232 06/12/2013 SP 1 SJ Web Edition ;
; Revision Name                      ; eitbit_adder_7seg                               ;
; Top-level Entity Name              ; eitbit_adder_7seg                               ;
; Family                             ; Cyclone II                                      ;
; Total logic elements               ; 448                                             ;
;     Total combinational functions  ; 448                                             ;
;     Dedicated logic registers      ; 0                                               ;
; Total registers                    ; 0                                               ;
; Total pins                         ; 37                                              ;
; Total virtual pins                 ; 0                                               ;
; Total memory bits                  ; 0                                               ;
; Embedded Multiplier 9-bit elements ; 0                                               ;
; Total PLLs                         ; 0                                               ;
+------------------------------------+-------------------------------------------------+


+----------------------------------------------------------------------------------------------------------------------+
; Analysis & Synthesis Settings                                                                                        ;
+----------------------------------------------------------------------------+--------------------+--------------------+
; Option                                                                     ; Setting            ; Default Value      ;
+----------------------------------------------------------------------------+--------------------+--------------------+
; Device                                                                     ; EP2C35F672C6       ;                    ;
; Top-level entity name                                                      ; eitbit_adder_7seg  ; eitbit_adder_7seg  ;
; Family name                                                                ; Cyclone II         ; Cyclone IV GX      ;
; Use smart compilation                                                      ; Off                ; Off                ;
; Enable parallel Assembler and TimeQuest Timing Analyzer during compilation ; On                 ; On                 ;
; Enable compact report table                                                ; Off                ; Off                ;
; Restructure Multiplexers                                                   ; Auto               ; Auto               ;
; Create Debugging Nodes for IP Cores                                        ; Off                ; Off                ;
; Preserve fewer node names                                                  ; On                 ; On                 ;
; Disable OpenCore Plus hardware evaluation                                  ; Off                ; Off                ;
; Verilog Version                                                            ; Verilog_2001       ; Verilog_2001       ;
; VHDL Version                                                               ; VHDL_1993          ; VHDL_1993          ;
; State Machine Processing                                                   ; Auto               ; Auto               ;
; Safe State Machine                                                         ; Off                ; Off                ;
; Extract Verilog State Machines                                             ; On                 ; On                 ;
; Extract VHDL State Machines                                                ; On                 ; On                 ;
; Ignore Verilog initial constructs                                          ; Off                ; Off                ;
; Iteration limit for constant Verilog loops                                 ; 5000               ; 5000               ;
; Iteration limit for non-constant Verilog loops                             ; 250                ; 250                ;
; Add Pass-Through Logic to Inferred RAMs                                    ; On                 ; On                 ;
; Infer RAMs from Raw Logic                                                  ; On                 ; On                 ;
; Parallel Synthesis                                                         ; On                 ; On                 ;
; DSP Block Balancing                                                        ; Auto               ; Auto               ;
; NOT Gate Push-Back                                                         ; On                 ; On                 ;
; Power-Up Don't Care                                                        ; On                 ; On                 ;
; Remove Redundant Logic Cells                                               ; Off                ; Off                ;
; Remove Duplicate Registers                                                 ; On                 ; On                 ;
; Ignore CARRY Buffers                                                       ; Off                ; Off                ;
; Ignore CASCADE Buffers                                                     ; Off                ; Off                ;
; Ignore GLOBAL Buffers                                                      ; Off                ; Off                ;
; Ignore ROW GLOBAL Buffers                                                  ; Off                ; Off                ;
; Ignore LCELL Buffers                                                       ; Off                ; Off                ;
; Ignore SOFT Buffers                                                        ; On                 ; On                 ;
; Limit AHDL Integers to 32 Bits                                             ; Off                ; Off                ;
; Optimization Technique                                                     ; Balanced           ; Balanced           ;
; Carry Chain Length                                                         ; 70                 ; 70                 ;
; Auto Carry Chains                                                          ; On                 ; On                 ;
; Auto Open-Drain Pins                                                       ; On                 ; On                 ;
; Perform WYSIWYG Primitive Resynthesis                                      ; Off                ; Off                ;
; Auto ROM Replacement                                                       ; On                 ; On                 ;
; Auto RAM Replacement                                                       ; On                 ; On                 ;
; Auto Shift Register Replacement                                            ; Auto               ; Auto               ;
; Allow Shift Register Merging across Hierarchies                            ; Auto               ; Auto               ;
; Auto Clock Enable Replacement                                              ; On                 ; On                 ;
; Strict RAM Replacement                                                     ; Off                ; Off                ;
; Allow Synchronous Control Signals                                          ; On                 ; On                 ;
; Force Use of Synchronous Clear Signals                                     ; Off                ; Off                ;
; Auto RAM to Logic Cell Conversion                                          ; Off                ; Off                ;
; Auto Resource Sharing                                                      ; Off                ; Off                ;
; Allow Any RAM Size For Recognition                                         ; Off                ; Off                ;
; Allow Any ROM Size For Recognition                                         ; Off                ; Off                ;
; Allow Any Shift Register Size For Recognition                              ; Off                ; Off                ;
; Use LogicLock Constraints during Resource Balancing                        ; On                 ; On                 ;
; Ignore translate_off and synthesis_off directives                          ; Off                ; Off                ;
; Timing-Driven Synthesis                                                    ; Off                ; Off                ;
; Report Parameter Settings                                                  ; On                 ; On                 ;
; Report Source Assignments                                                  ; On                 ; On                 ;
; Report Connectivity Checks                                                 ; On                 ; On                 ;
; Ignore Maximum Fan-Out Assignments                                         ; Off                ; Off                ;
; Synchronization Register Chain Length                                      ; 2                  ; 2                  ;
; PowerPlay Power Optimization                                               ; Normal compilation ; Normal compilation ;
; HDL message level                                                          ; Level2             ; Level2             ;
; Suppress Register Optimization Related Messages                            ; Off                ; Off                ;
; Number of Removed Registers Reported in Synthesis Report                   ; 5000               ; 5000               ;
; Number of Swept Nodes Reported in Synthesis Report                         ; 5000               ; 5000               ;
; Number of Inverted Registers Reported in Synthesis Report                  ; 100                ; 100                ;
; Clock MUX Protection                                                       ; On                 ; On                 ;
; Auto Gated Clock Conversion                                                ; Off                ; Off                ;
; Block Design Naming                                                        ; Auto               ; Auto               ;
; SDC constraint protection                                                  ; Off                ; Off                ;
; Synthesis Effort                                                           ; Auto               ; Auto               ;
; Shift Register Replacement - Allow Asynchronous Clear Signal               ; On                 ; On                 ;
; Pre-Mapping Resynthesis Optimization                                       ; Off                ; Off                ;
; Analysis & Synthesis Message Level                                         ; Medium             ; Medium             ;
; Disable Register Merging Across Hierarchies                                ; Auto               ; Auto               ;
; Resource Aware Inference For Block RAM                                     ; On                 ; On                 ;
; Synthesis Seed                                                             ; 1                  ; 1                  ;
+----------------------------------------------------------------------------+--------------------+--------------------+


Parallel compilation was disabled, but you have multiple processors available. Enable parallel compilation to reduce compilation time.
+-------------------------------------+
; Parallel Compilation                ;
+----------------------------+--------+
; Processors                 ; Number ;
+----------------------------+--------+
; Number detected on machine ; 8      ;
; Maximum allowed            ; 1      ;
+----------------------------+--------+


+------------------------------------------------------------------------------------------------------------------------------------------------------------------+
; Analysis & Synthesis Source Files Read                                                                                                                           ;
+----------------------------------+-----------------+-----------------+---------------------------------------------------------------------------------+---------+
; File Name with User-Entered Path ; Used in Netlist ; File Type       ; File Name with Absolute Path                                                    ; Library ;
+----------------------------------+-----------------+-----------------+---------------------------------------------------------------------------------+---------+
; FNDdecoder.vhd                   ; yes             ; User VHDL File  ; D:/VHDL/5_02_ex039_eitbit_adder_7seg/eitbit_adder_7seg_sw/FNDdecoder.vhd        ;         ;
; OR_Gate.vhd                      ; yes             ; User VHDL File  ; D:/VHDL/5_02_ex039_eitbit_adder_7seg/eitbit_adder_7seg_sw/OR_Gate.vhd           ;         ;
; half_adder.vhd                   ; yes             ; User VHDL File  ; D:/VHDL/5_02_ex039_eitbit_adder_7seg/eitbit_adder_7seg_sw/half_adder.vhd        ;         ;
; full_adder.vhd                   ; yes             ; User VHDL File  ; D:/VHDL/5_02_ex039_eitbit_adder_7seg/eitbit_adder_7seg_sw/full_adder.vhd        ;         ;
; eibbit_adder_vhd.vhd             ; yes             ; User VHDL File  ; D:/VHDL/5_02_ex039_eitbit_adder_7seg/eitbit_adder_7seg_sw/eibbit_adder_vhd.vhd  ;         ;
; nine_bcd.vhd                     ; yes             ; User VHDL File  ; D:/VHDL/5_02_ex039_eitbit_adder_7seg/eitbit_adder_7seg_sw/nine_bcd.vhd          ;         ;
; eitbit_adder_7seg.vhd            ; yes             ; User VHDL File  ; D:/VHDL/5_02_ex039_eitbit_adder_7seg/eitbit_adder_7seg_sw/eitbit_adder_7seg.vhd ;         ;
+----------------------------------+-----------------+-----------------+---------------------------------------------------------------------------------+---------+


+--------------------------------------------------------------------------+
; Analysis & Synthesis Resource Usage Summary                              ;
+---------------------------------------------+----------------------------+
; Resource                                    ; Usage                      ;
+---------------------------------------------+----------------------------+
; Estimated Total logic elements              ; 448                        ;
;                                             ;                            ;
; Total combinational functions               ; 448                        ;
; Logic element usage by number of LUT inputs ;                            ;
;     -- 4 input functions                    ; 231                        ;
;     -- 3 input functions                    ; 66                         ;
;     -- <=2 input functions                  ; 151                        ;
;                                             ;                            ;
; Logic elements by mode                      ;                            ;
;     -- normal mode                          ; 324                        ;
;     -- arithmetic mode                      ; 124                        ;
;                                             ;                            ;
; Total registers                             ; 0                          ;
;     -- Dedicated logic registers            ; 0                          ;
;     -- I/O registers                        ; 0                          ;
;                                             ;                            ;
; I/O pins                                    ; 37                         ;
; Embedded Multiplier 9-bit elements          ; 0                          ;
; Maximum fan-out node                        ; nine_bcd:bi_to_bcd|Add0~21 ;
; Maximum fan-out                             ; 74                         ;
; Total fan-out                               ; 1426                       ;
; Average fan-out                             ; 2.94                       ;
+---------------------------------------------+----------------------------+


+-------------------------------------------------------------------------------------------------------------------------------------------------------------------------------------------------------------------------------------------------+
; Analysis & Synthesis Resource Utilization by Entity                                                                                                                                                                                             ;
+------------------------------------+-------------------+--------------+-------------+--------------+---------+-----------+------+--------------+---------------------------------------------------------------------------------+--------------+
; Compilation Hierarchy Node         ; LC Combinationals ; LC Registers ; Memory Bits ; DSP Elements ; DSP 9x9 ; DSP 18x18 ; Pins ; Virtual Pins ; Full Hierarchy Name                                                             ; Library Name ;
+------------------------------------+-------------------+--------------+-------------+--------------+---------+-----------+------+--------------+---------------------------------------------------------------------------------+--------------+
; |eitbit_adder_7seg                 ; 448 (0)           ; 0 (0)        ; 0           ; 0            ; 0       ; 0         ; 37   ; 0            ; |eitbit_adder_7seg                                                              ; work         ;
;    |FNDdecoder:seg1|               ; 30 (30)           ; 0 (0)        ; 0           ; 0            ; 0       ; 0         ; 0    ; 0            ; |eitbit_adder_7seg|FNDdecoder:seg1                                              ; work         ;
;    |FNDdecoder:seg2|               ; 30 (30)           ; 0 (0)        ; 0           ; 0            ; 0       ; 0         ; 0    ; 0            ; |eitbit_adder_7seg|FNDdecoder:seg2                                              ; work         ;
;    |FNDdecoder:seg3|               ; 7 (7)             ; 0 (0)        ; 0           ; 0            ; 0       ; 0         ; 0    ; 0            ; |eitbit_adder_7seg|FNDdecoder:seg3                                              ; work         ;
;    |eibbit_adder_vhd:eitbit_adder| ; 23 (0)            ; 0 (0)        ; 0           ; 0            ; 0       ; 0         ; 0    ; 0            ; |eitbit_adder_7seg|eibbit_adder_vhd:eitbit_adder                                ; work         ;
;       |full_adder:u1|              ; 2 (0)             ; 0 (0)        ; 0           ; 0            ; 0       ; 0         ; 0    ; 0            ; |eitbit_adder_7seg|eibbit_adder_vhd:eitbit_adder|full_adder:u1                  ; work         ;
;          |OR_Gate:org|             ; 1 (1)             ; 0 (0)        ; 0           ; 0            ; 0       ; 0         ; 0    ; 0            ; |eitbit_adder_7seg|eibbit_adder_vhd:eitbit_adder|full_adder:u1|OR_Gate:org      ; work         ;
;          |half_adder:half2|        ; 1 (1)             ; 0 (0)        ; 0           ; 0            ; 0       ; 0         ; 0    ; 0            ; |eitbit_adder_7seg|eibbit_adder_vhd:eitbit_adder|full_adder:u1|half_adder:half2 ; work         ;
;       |full_adder:u2|              ; 1 (0)             ; 0 (0)        ; 0           ; 0            ; 0       ; 0         ; 0    ; 0            ; |eitbit_adder_7seg|eibbit_adder_vhd:eitbit_adder|full_adder:u2                  ; work         ;
;          |half_adder:half2|        ; 1 (1)             ; 0 (0)        ; 0           ; 0            ; 0       ; 0         ; 0    ; 0            ; |eitbit_adder_7seg|eibbit_adder_vhd:eitbit_adder|full_adder:u2|half_adder:half2 ; work         ;
;       |full_adder:u3|              ; 5 (0)             ; 0 (0)        ; 0           ; 0            ; 0       ; 0         ; 0    ; 0            ; |eitbit_adder_7seg|eibbit_adder_vhd:eitbit_adder|full_adder:u3                  ; work         ;
;          |OR_Gate:org|             ; 3 (3)             ; 0 (0)        ; 0           ; 0            ; 0       ; 0         ; 0    ; 0            ; |eitbit_adder_7seg|eibbit_adder_vhd:eitbit_adder|full_adder:u3|OR_Gate:org      ; work         ;
;          |half_adder:half2|        ; 2 (2)             ; 0 (0)        ; 0           ; 0            ; 0       ; 0         ; 0    ; 0            ; |eitbit_adder_7seg|eibbit_adder_vhd:eitbit_adder|full_adder:u3|half_adder:half2 ; work         ;
;       |full_adder:u4|              ; 2 (0)             ; 0 (0)        ; 0           ; 0            ; 0       ; 0         ; 0    ; 0            ; |eitbit_adder_7seg|eibbit_adder_vhd:eitbit_adder|full_adder:u4                  ; work         ;
;          |OR_Gate:org|             ; 1 (1)             ; 0 (0)        ; 0           ; 0            ; 0       ; 0         ; 0    ; 0            ; |eitbit_adder_7seg|eibbit_adder_vhd:eitbit_adder|full_adder:u4|OR_Gate:org      ; work         ;
;          |half_adder:half2|        ; 1 (1)             ; 0 (0)        ; 0           ; 0            ; 0       ; 0         ; 0    ; 0            ; |eitbit_adder_7seg|eibbit_adder_vhd:eitbit_adder|full_adder:u4|half_adder:half2 ; work         ;
;       |full_adder:u5|              ; 2 (0)             ; 0 (0)        ; 0           ; 0            ; 0       ; 0         ; 0    ; 0            ; |eitbit_adder_7seg|eibbit_adder_vhd:eitbit_adder|full_adder:u5                  ; work         ;
;          |half_adder:half2|        ; 2 (2)             ; 0 (0)        ; 0           ; 0            ; 0       ; 0         ; 0    ; 0            ; |eitbit_adder_7seg|eibbit_adder_vhd:eitbit_adder|full_adder:u5|half_adder:half2 ; work         ;
;       |full_adder:u6|              ; 6 (0)             ; 0 (0)        ; 0           ; 0            ; 0       ; 0         ; 0    ; 0            ; |eitbit_adder_7seg|eibbit_adder_vhd:eitbit_adder|full_adder:u6                  ; work         ;
;          |OR_Gate:org|             ; 4 (4)             ; 0 (0)        ; 0           ; 0            ; 0       ; 0         ; 0    ; 0            ; |eitbit_adder_7seg|eibbit_adder_vhd:eitbit_adder|full_adder:u6|OR_Gate:org      ; work         ;
;          |half_adder:half2|        ; 2 (2)             ; 0 (0)        ; 0           ; 0            ; 0       ; 0         ; 0    ; 0            ; |eitbit_adder_7seg|eibbit_adder_vhd:eitbit_adder|full_adder:u6|half_adder:half2 ; work         ;
;       |full_adder:u7|              ; 4 (0)             ; 0 (0)        ; 0           ; 0            ; 0       ; 0         ; 0    ; 0            ; |eitbit_adder_7seg|eibbit_adder_vhd:eitbit_adder|full_adder:u7                  ; work         ;
;          |OR_Gate:org|             ; 3 (3)             ; 0 (0)        ; 0           ; 0            ; 0       ; 0         ; 0    ; 0            ; |eitbit_adder_7seg|eibbit_adder_vhd:eitbit_adder|full_adder:u7|OR_Gate:org      ; work         ;
;          |half_adder:half2|        ; 1 (1)             ; 0 (0)        ; 0           ; 0            ; 0       ; 0         ; 0    ; 0            ; |eitbit_adder_7seg|eibbit_adder_vhd:eitbit_adder|full_adder:u7|half_adder:half2 ; work         ;
;       |half_adder:u0|              ; 1 (1)             ; 0 (0)        ; 0           ; 0            ; 0       ; 0         ; 0    ; 0            ; |eitbit_adder_7seg|eibbit_adder_vhd:eitbit_adder|half_adder:u0                  ; work         ;
;    |nine_bcd:bi_to_bcd|            ; 358 (358)         ; 0 (0)        ; 0           ; 0            ; 0       ; 0         ; 0    ; 0            ; |eitbit_adder_7seg|nine_bcd:bi_to_bcd                                           ; work         ;
+------------------------------------+-------------------+--------------+-------------+--------------+---------+-----------+------+--------------+---------------------------------------------------------------------------------+--------------+
Note: For table entries with two numbers listed, the numbers in parentheses indicate the number of resources of the given type used by the specific entity alone. The numbers listed outside of parentheses indicate the total resources of the given type used by the specific entity and all of its sub-entities in the hierarchy.


+------------------------------------------------------+
; General Register Statistics                          ;
+----------------------------------------------+-------+
; Statistic                                    ; Value ;
+----------------------------------------------+-------+
; Total registers                              ; 0     ;
; Number of registers using Synchronous Clear  ; 0     ;
; Number of registers using Synchronous Load   ; 0     ;
; Number of registers using Asynchronous Clear ; 0     ;
; Number of registers using Asynchronous Load  ; 0     ;
; Number of registers using Clock Enable       ; 0     ;
; Number of registers using Preset             ; 0     ;
+----------------------------------------------+-------+


+----------------------------------------------------------------------------------------------------------------------------------------------------------------+
; Multiplexer Restructuring Statistics (Restructuring Performed)                                                                                                 ;
+--------------------+-----------+---------------+----------------------+------------------------+------------+--------------------------------------------------+
; Multiplexer Inputs ; Bus Width ; Baseline Area ; Area if Restructured ; Saving if Restructured ; Registered ; Example Multiplexer Output                       ;
+--------------------+-----------+---------------+----------------------+------------------------+------------+--------------------------------------------------+
; 3:1                ; 2 bits    ; 4 LEs         ; 4 LEs                ; 0 LEs                  ; No         ; |eitbit_adder_7seg|FNDdecoder:seg3|seg[6]        ;
; 4:1                ; 2 bits    ; 4 LEs         ; 4 LEs                ; 0 LEs                  ; No         ; |eitbit_adder_7seg|FNDdecoder:seg1|seg[3]        ;
; 4:1                ; 2 bits    ; 4 LEs         ; 4 LEs                ; 0 LEs                  ; No         ; |eitbit_adder_7seg|FNDdecoder:seg2|seg[3]        ;
; 4:1                ; 2 bits    ; 4 LEs         ; 4 LEs                ; 0 LEs                  ; No         ; |eitbit_adder_7seg|nine_bcd:bi_to_bcd|bcdcord[5] ;
; 4:1                ; 2 bits    ; 4 LEs         ; 4 LEs                ; 0 LEs                  ; No         ; |eitbit_adder_7seg|nine_bcd:bi_to_bcd|bcdcord[0] ;
; 5:1                ; 2 bits    ; 6 LEs         ; 6 LEs                ; 0 LEs                  ; No         ; |eitbit_adder_7seg|FNDdecoder:seg1|seg[5]        ;
; 5:1                ; 2 bits    ; 6 LEs         ; 6 LEs                ; 0 LEs                  ; No         ; |eitbit_adder_7seg|FNDdecoder:seg2|seg[5]        ;
; 6:1                ; 5 bits    ; 20 LEs        ; 20 LEs               ; 0 LEs                  ; No         ; |eitbit_adder_7seg|nine_bcd:bi_to_bcd|num        ;
; 10:1               ; 9 bits    ; 54 LEs        ; 54 LEs               ; 0 LEs                  ; No         ; |eitbit_adder_7seg|nine_bcd:bi_to_bcd|num[31]    ;
+--------------------+-----------+---------------+----------------------+------------------------+------------+--------------------------------------------------+


+-------------------------------+
; Elapsed Time Per Partition    ;
+----------------+--------------+
; Partition Name ; Elapsed Time ;
+----------------+--------------+
; Top            ; 00:00:01     ;
+----------------+--------------+


+-------------------------------+
; Analysis & Synthesis Messages ;
+-------------------------------+
Info: *******************************************************************
Info: Running Quartus II 64-Bit Analysis & Synthesis
    Info: Version 13.0.1 Build 232 06/12/2013 Service Pack 1 SJ Web Edition
    Info: Processing started: Thu May 02 16:06:54 2019
Info: Command: quartus_map --read_settings_files=on --write_settings_files=off eitbit_adder_7seg -c eitbit_adder_7seg
Warning (20028): Parallel compilation is not licensed and has been disabled
Info (12021): Found 2 design units, including 1 entities, in source file fnddecoder.vhd
    Info (12022): Found design unit 1: FNDdecoder-dataflow_when_else
    Info (12023): Found entity 1: FNDdecoder
Info (12021): Found 2 design units, including 1 entities, in source file or_gate.vhd
    Info (12022): Found design unit 1: OR_Gate-Behavioral
    Info (12023): Found entity 1: OR_Gate
Info (12021): Found 2 design units, including 1 entities, in source file half_adder.vhd
    Info (12022): Found design unit 1: half_adder-Dataflow
    Info (12023): Found entity 1: half_adder
Info (12021): Found 2 design units, including 1 entities, in source file full_adder.vhd
    Info (12022): Found design unit 1: full_adder-Structural
    Info (12023): Found entity 1: full_adder
Info (12021): Found 2 design units, including 1 entities, in source file eibbit_adder_vhd.vhd
    Info (12022): Found design unit 1: eibbit_adder_vhd-sample
    Info (12023): Found entity 1: eibbit_adder_vhd
Info (12021): Found 2 design units, including 1 entities, in source file nine_bcd.vhd
    Info (12022): Found design unit 1: nine_bcd-behav
    Info (12023): Found entity 1: nine_bcd
Info (12021): Found 2 design units, including 1 entities, in source file eitbit_adder_7seg.vhd
    Info (12022): Found design unit 1: eitbit_adder_7seg-behav
    Info (12023): Found entity 1: eitbit_adder_7seg
Info (12127): Elaborating entity "eitbit_adder_7seg" for the top level hierarchy
Info (12128): Elaborating entity "eibbit_adder_vhd" for hierarchy "eibbit_adder_vhd:eitbit_adder"
Info (12128): Elaborating entity "half_adder" for hierarchy "eibbit_adder_vhd:eitbit_adder|half_adder:u0"
Info (12128): Elaborating entity "full_adder" for hierarchy "eibbit_adder_vhd:eitbit_adder|full_adder:u1"
Info (12128): Elaborating entity "OR_Gate" for hierarchy "eibbit_adder_vhd:eitbit_adder|full_adder:u1|OR_Gate:org"
Info (12128): Elaborating entity "nine_bcd" for hierarchy "nine_bcd:bi_to_bcd"
Info (12128): Elaborating entity "FNDdecoder" for hierarchy "FNDdecoder:seg1"
Info (16010): Generating hard_block partition "hard_block:auto_generated_inst"
    Info (16011): Adding 0 node(s), including 0 DDIO, 0 PLL, 0 transceiver and 0 LCELL
Info (21057): Implemented 485 device resources after synthesis - the final resource count might be different
    Info (21058): Implemented 16 input pins
    Info (21059): Implemented 21 output pins
    Info (21061): Implemented 448 logic cells
Info: Quartus II 64-Bit Analysis & Synthesis was successful. 0 errors, 1 warning
    Info: Peak virtual memory: 4662 megabytes
    Info: Processing ended: Thu May 02 16:06:57 2019
    Info: Elapsed time: 00:00:03
    Info: Total CPU time (on all processors): 00:00:03


