Flow report for eitbit_adder
Thu Apr 04 17:45:58 2019
Quartus II 64-Bit Version 13.0.1 Build 232 06/12/2013 Service Pack 1 SJ Web Edition


---------------------
; Table of Contents ;
---------------------
  1. Legal Notice
  2. Flow Summary
  3. Flow Settings
  4. Flow Non-Default Global Settings
  5. Flow Elapsed Time
  6. Flow OS Summary
  7. Flow Log
  8. Flow Messages
  9. Flow Suppressed Messages



----------------
; Legal Notice ;
----------------
Copyright (C) 1991-2013 Altera Corporation
Your use of Altera Corporation's design tools, logic functions 
and other software and tools, and its AMPP partner logic 
functions, and any output files from any of the foregoing 
(including device programming or simulation files), and any 
associated documentation or information are expressly subject 
to the terms and conditions of the Altera Program License 
Subscription Agreement, Altera MegaCore Function License 
Agreement, or other applicable license agreement, including, 
without limitation, that your use is for the sole purpose of 
programming logic devices manufactured by Altera and sold by 
Altera or its authorized distributors.  Please refer to the 
applicable agreement for further details.



+--------------------------------------------------------------------------------------+
; Flow Summary                                                                         ;
+------------------------------------+-------------------------------------------------+
; Flow Status                        ; Successful - Thu Apr 04 17:45:55 2019           ;
; Quartus II 64-Bit Version          ; 13.0.1 Build 232 06/12/2013 SP 1 SJ Web Edition ;
; Revision Name                      ; eitbit_adder                                    ;
; Top-level Entity Name              ; eibbit_adder_vhd                                ;
; Family                             ; Cyclone II                                      ;
; Device                             ; EP2C35F672C6                                    ;
; Timing Models                      ; Final                                           ;
; Total logic elements               ; 18 / 33,216 ( < 1 % )                           ;
;     Total combinational functions  ; 18 / 33,216 ( < 1 % )                           ;
;     Dedicated logic registers      ; 0 / 33,216 ( 0 % )                              ;
; Total registers                    ; 0                                               ;
; Total pins                         ; 25 / 475 ( 5 % )                                ;
; Total virtual pins                 ; 0                                               ;
; Total memory bits                  ; 0 / 483,840 ( 0 % )                             ;
; Embedded Multiplier 9-bit elements ; 0 / 70 ( 0 % )                                  ;
; Total PLLs                         ; 0 / 4 ( 0 % )                                   ;
+------------------------------------+-------------------------------------------------+


+-----------------------------------------+
; Flow Settings                           ;
+-------------------+---------------------+
; Option            ; Setting             ;
+-------------------+---------------------+
; Start date & time ; 04/04/2019 17:45:32 ;
; Main task         ; Compilation         ;
; Revision Name     ; eitbit_adder        ;
+-------------------+---------------------+


+-----------------------------------------------------------------------------------------------------------------------+
; Flow Non-Default Global Settings                                                                                      ;
+-------------------------------------+---------------------------------+---------------+------------------+------------+
; Assignment Name                     ; Value                           ; Default Value ; Entity Name      ; Section Id ;
+-------------------------------------+---------------------------------+---------------+------------------+------------+
; COMPILER_SIGNATURE_ID               ; 141587658164992.155436753113360 ; --            ; --               ; --         ;
; MAX_CORE_JUNCTION_TEMP              ; 85                              ; --            ; --               ; --         ;
; MIN_CORE_JUNCTION_TEMP              ; 0                               ; --            ; --               ; --         ;
; PARTITION_COLOR                     ; 16764057                        ; --            ; eibbit_adder_vhd ; Top        ;
; PARTITION_FITTER_PRESERVATION_LEVEL ; PLACEMENT_AND_ROUTING           ; --            ; eibbit_adder_vhd ; Top        ;
; PARTITION_NETLIST_TYPE              ; SOURCE                          ; --            ; eibbit_adder_vhd ; Top        ;
; PROJECT_OUTPUT_DIRECTORY            ; output_files                    ; --            ; --               ; --         ;
; TOP_LEVEL_ENTITY                    ; eibbit_adder_vhd                ; eitbit_adder  ; --               ; --         ;
+-------------------------------------+---------------------------------+---------------+------------------+------------+


+-------------------------------------------------------------------------------------------------------------------------------+
; Flow Elapsed Time                                                                                                             ;
+---------------------------+--------------+-------------------------+---------------------+------------------------------------+
; Module Name               ; Elapsed Time ; Average Processors Used ; Peak Virtual Memory ; Total CPU Time (on all processors) ;
+---------------------------+--------------+-------------------------+---------------------+------------------------------------+
; Analysis & Synthesis      ; 00:00:03     ; 1.0                     ; 4658 MB             ; 00:00:03                           ;
; Fitter                    ; 00:00:12     ; 1.0                     ; 4910 MB             ; 00:00:09                           ;
; Assembler                 ; 00:00:04     ; 1.0                     ; 4591 MB             ; 00:00:04                           ;
; TimeQuest Timing Analyzer ; 00:00:02     ; 1.0                     ; 4567 MB             ; 00:00:02                           ;
; Total                     ; 00:00:21     ; --                      ; --                  ; 00:00:18                           ;
+---------------------------+--------------+-------------------------+---------------------+------------------------------------+


+----------------------------------------------------------------------------------------+
; Flow OS Summary                                                                        ;
+---------------------------+------------------+-----------+------------+----------------+
; Module Name               ; Machine Hostname ; OS Name   ; OS Version ; Processor type ;
+---------------------------+------------------+-----------+------------+----------------+
; Analysis & Synthesis      ; YoungUn-Choi     ; Windows 7 ; 6.2        ; x86_64         ;
; Fitter                    ; YoungUn-Choi     ; Windows 7 ; 6.2        ; x86_64         ;
; Assembler                 ; YoungUn-Choi     ; Windows 7 ; 6.2        ; x86_64         ;
; TimeQuest Timing Analyzer ; YoungUn-Choi     ; Windows 7 ; 6.2        ; x86_64         ;
+---------------------------+------------------+-----------+------------+----------------+


------------
; Flow Log ;
------------
quartus_map --read_settings_files=on --write_settings_files=off eitbit_adder -c eitbit_adder
quartus_fit --read_settings_files=off --write_settings_files=off eitbit_adder -c eitbit_adder
quartus_asm --read_settings_files=off --write_settings_files=off eitbit_adder -c eitbit_adder
quartus_sta eitbit_adder -c eitbit_adder



